nohup: ignoring input
Starting new system

0%   10   20   30   40   50   60   70   80   90   100%
|----|----|----|----|----|----|----|----|----|----|
*Starting new system

0%   10   20   30   40   50   60   70   80   90   100%
|----|----|----|----|----|----|----|----|----|----|
*Starting new system

0%   10   20   30   40   50   60   70   80   90   100%
|----|----|----|----|----|----|----|----|----|----|
*Starting new system

0%   10   20   30   40   50   60   70   80   90   100%
|----|----|----|----|----|----|----|----|----|----|
*Starting new system

0%   10   20   30   40   50   60   70   80   90   100%
|----|----|----|----|----|----|----|----|----|----|
*Starting new system

0%   10   20   30   40   50   60   70   80   90   100%
|----|----|----|----|----|----|----|----|----|----|
*Starting new system

0%   10   20   30   40   50   60   70   80   90   100%
|----|----|----|----|----|----|----|----|----|----|
*************************************************************************************************************************************************************************************************************************
Elapsed time for 3 couplings: 5677.36 s
*****************************************************
Elapsed time for 4 couplings: 7612.34 s
*****
Elapsed time for 2 couplings: 7860.59 s
*****************************
Elapsed time for 5 couplings: 9655.43 s
***********************
Elapsed time for 6 couplings: 11760.3 s
****************
Elapsed time for 7 couplings: 14052.4 s
********
Elapsed time for 8 couplings: 16542.5 s
