nohup: ignoring input
Starting new system

0%   10   20   30   40   50   60   70   80   90   100%
|----|----|----|----|----|----|----|----|----|----|
*Starting new system

0%   10   20   30   40   50   60   70   80   90   100%
|----|----|----|----|----|----|----|----|----|----|
Starting new system

0%   10   20   30   40   50   60   70   80   90   100%
|----|----|----|----|----|----|----|----|----|----|
**Starting new system

0%   10   20   30   40   50   60   70   80   90   100%
|----|----|----|----|----|----|----|----|----|----|
********************************************************************************************************************************************************
Elapsed time for 1 couplings: 46441.2 s
*****
Elapsed time for 2 couplings: 49031.9 s
******************************
Elapsed time for 3 couplings: 73849.9 s
**************
Elapsed time for 4 couplings: 99808.3 s
