nohup: ignoring input
Starting new system

0%   10   20   30   40   50   60   70   80   90   100%
|----|----|----|----|----|----|----|----|----|----|
*Starting new system

0%   10   20   30   40   50   60   70   80   90   100%
|----|----|----|----|----|----|----|----|----|----|
Starting new system

0%   10   20   30   40   50   60   70   80   90   100%
|----|----|----|----|----|----|----|----|----|----|
**Starting new system

0%   10   20   30   40   50   60   70   80   90   100%
|----|----|----|----|----|----|----|----|----|----|
*******************************************************************************************************************************************
Elapsed time for 1 couplings: 43200.1 s
******************
Elapsed time for 2 couplings: 50690.5 s
*******************************
Elapsed time for 3 couplings: 74517.9 s
*************
Elapsed time for 4 couplings: 98450.4 s
