nohup: ignoring input
Starting new system

0%   10   20   30   40   50   60   70   80   90   100%
|----|----|----|----|----|----|----|----|----|----|
Starting new system

0%   10   20   30   40   50   60   70   80   90   100%
|----|----|----|----|----|----|----|----|----|----|
**Starting new system

0%   10   20   30   40   50   60   70   80   90   100%
|----|----|----|----|----|----|----|----|----|----|
Starting new system

0%   10   20   30   40   50   60   70   80   90   100%
|----|----|----|----|----|----|----|----|----|----|
********************************************************************************************************************************************
Elapsed time for 1 couplings: 42580 s
*******************
Elapsed time for 2 couplings: 50425.7 s
*****************************
Elapsed time for 3 couplings: 74137 s
**************
Elapsed time for 4 couplings: 98920.3 s
