nohup: ignoring input
Starting new system

0%   10   20   30   40   50   60   70   80   90   100%
|----|----|----|----|----|----|----|----|----|----|
*Starting new system

0%   10   20   30   40   50   60   70   80   90   100%
|----|----|----|----|----|----|----|----|----|----|
*Starting new system

0%   10   20   30   40   50   60   70   80   90   100%
|----|----|----|----|----|----|----|----|----|----|
Starting new system

0%   10   20   30   40   50   60   70   80   90   100%
|----|----|----|----|----|----|----|----|----|----|
**************************************************************************************************************************************************
Elapsed time for 1 couplings: 41852.2 s
*************
Elapsed time for 2 couplings: 46688.4 s
*****************************
Elapsed time for 3 couplings: 69793.3 s
****