nohup: ignoring input
Coupling 1 0 is 4
Coupling 2 0 is 4
Coupling 1 0 is 4
Coupling 2 1 is 4
Coupling 1 0 is 4
Coupling 2 0 is 4
Coupling 2 0 is 4
Coupling 2 1 is 4
Coupling 2 1 is 4
Coupling 3 0 is 4
Coupling 3 0 is 4
Coupling 3 1 is 4
Coupling 3 1 is 4
Coupling 3 2 is 4
Coupling 3 2 is 4
Coupling 4 0 is 4
Coupling 4 1 is 4
Coupling 4 2 is 4
Starting new system

0%   10   20   30   40   50   60   70   80   90   100%
|----|----|----|----|----|----|----|----|----|----|
Coupling 4 3 is 4
*Starting new system

0%   10   20   30   40   50   60   70   80   90   100%
|----|----|----|----|----|----|----|----|----|----|
*Starting new system

0%   10   20   30   40   50   60   70   80   90   100%
|----|----|----|----|----|----|----|----|----|----|
*******************************************************************************************************************************************
Elapsed time for 4 couplings: 7102.28 s
**
Elapsed time for 3 couplings: 7204.87 s
**********
Elapsed time for 5 couplings: 8975.87 s
