nohup: ignoring input
Starting new system

0%   10   20   30   40   50   60   70   80   90   100%
|----|----|----|----|----|----|----|----|----|----|
*Starting new system

0%   10   20   30   40   50   60   70   80   90   100%
|----|----|----|----|----|----|----|----|----|----|
*Starting new system

0%   10   20   30   40   50   60   70   80   90   100%
|----|----|----|----|----|----|----|----|----|----|
*Starting new system

0%   10   20   30   40   50   60   70   80   90   100%
|----|----|----|----|----|----|----|----|----|----|
******************************************************************************************************************************************
Elapsed time for 1 couplings: 42177.6 s
********************
Elapsed time for 2 couplings: 50465.6 s
*****************************
Elapsed time for 3 couplings: 73781 s
**************
Elapsed time for 4 couplings: 98406.7 s
