nohup: ignoring input
Starting new system

0%   10   20   30   40   50   60   70   80   90   100%
|----|----|----|----|----|----|----|----|----|----|
*Starting new system

0%   10   20   30   40   50   60   70   80   90   100%
|----|----|----|----|----|----|----|----|----|----|
*Starting new system

0%   10   20   30   40   50   60   70   80   90   100%
|----|----|----|----|----|----|----|----|----|----|
Starting new system

0%   10   20   30   40   50   60   70   80   90   100%
|----|----|----|----|----|----|----|----|----|----|
**Starting new system

0%   10   20   30   40   50   60   70   80   90   100%
|----|----|----|----|----|----|----|----|----|----|
*Starting new system

0%   10   20   30   40   50   60   70   80   90   100%
|----|----|----|----|----|----|----|----|----|----|
*Starting new system

0%   10   20   30   40   50   60   70   80   90   100%
|----|----|----|----|----|----|----|----|----|----|
************************************************************************************************************************************************************************************************************************
Elapsed time for 3 couplings: 5671.78 s
***************************************************
Elapsed time for 4 couplings: 7515.97 s
*************
Elapsed time for 2 couplings: 8077.95 s
*************************
Elapsed time for 5 couplings: 9635.01 s
*********************
Elapsed time for 6 couplings: 11545.2 s
****************
Elapsed time for 7 couplings: 13893.9 s
*********
Elapsed time for 8 couplings: 16538.9 s
